{"logLevel":"debug","message":"multithreading is set to false"}
{"logLevel":"debug","message":"Using reflection to scan dependencies for gauge implementations..."}
log4j:WARN No appenders could be found for logger (io.grpc.netty.shaded.io.netty.util.internal.logging.InternalLoggerFactory).
log4j:WARN Please initialize the log4j system properly.
log4j:WARN See http://logging.apache.org/log4j/1.2/faq.html#noconfig for more info.
SLF4J: A number (12) of logging calls during the initialization phase have been intercepted and are
SLF4J: now being replayed. These are subject to the filtering rules of the underlying logging system.
SLF4J: See also http://www.slf4j.org/codes.html#replay
{"logLevel":"debug","message":"gauge-java took 962milliseconds to load and scan. This should be less than 'runner_connection_timeout' config value."}
{"logLevel":"debug","message":"run 'gauge config runner_connection_timeout' and verify that it is < 962"}
{"logLevel":"debug","message":"starting gRPC server..."}
{"logLevel":"debug","message":"started gRPC server on port 55383"}
{"logLevel":"info","message":"Listening on port:55383"}
{"logLevel":"debug","message":"Scanning packages for steps"}
{"logLevel":"debug","message":"Comparing 'org.example.StepImplementation.clickSampleButton' and 'org.example.StepImplementation.clickSampleButton'"}
{"logLevel":"debug","message":"Found Click on the Sample Button in current project scope."}
{"logLevel":"debug","message":"Comparing 'org.example.StepImplementation.clickAdreslerimButton' and 'org.example.StepImplementation.clickAdreslerimButton'"}
{"logLevel":"debug","message":"Found Click on the Adreslerim Button in current project scope."}
{"logLevel":"debug","message":"Comparing 'org.example.StepImplementation.clickAddAddressButton' and 'org.example.StepImplementation.clickAddAddressButton'"}
{"logLevel":"debug","message":"Found Click on the Add Address Button in current project scope."}
{"logLevel":"debug","message":"Comparing 'org.example.StepImplementation.clickAddressSearchEditText' and 'org.example.StepImplementation.clickAddressSearchEditText'"}
{"logLevel":"debug","message":"Found Click on the Address Search EditText in current project scope."}
{"logLevel":"debug","message":"Comparing 'org.example.StepImplementation.clickRandomElementInAddressSearchResults' and 'org.example.StepImplementation.clickRandomElementInAddressSearchResults'"}
{"logLevel":"debug","message":"Found Click on a Random Element in the Address Search Results in current project scope."}
{"logLevel":"debug","message":"Comparing 'org.example.StepImplementation.clickElement4AndTypeAddress' and 'org.example.StepImplementation.clickElement4AndTypeAddress'"}
{"logLevel":"debug","message":"Found Click on Element 4 and type 'Yurdun sokaðýndan ilerde saðdaki bina' in current project scope."}
{"logLevel":"debug","message":"Comparing 'org.example.StepImplementation.clickGetStartedButton' and 'org.example.StepImplementation.clickGetStartedButton'"}
{"logLevel":"debug","message":"Found Click on the Get Started button in current project scope."}
{"logLevel":"debug","message":"Comparing 'org.example.StepImplementation.loginPermission' and 'org.example.StepImplementation.loginPermission'"}
{"logLevel":"debug","message":"Found Open the Getir application in current project scope."}
{"logLevel":"debug","message":"Comparing 'org.example.StepImplementation.clickElement6AndTypeBina' and 'org.example.StepImplementation.clickElement6AndTypeBina'"}
{"logLevel":"debug","message":"Found Click on Element 6 and type 'Bina' in current project scope."}
{"logLevel":"debug","message":"Comparing 'org.example.StepImplementation.typeTextInAddressSearchEditText' and 'org.example.StepImplementation.typeTextInAddressSearchEditText'"}
{"logLevel":"debug","message":"Found Type {} in the Address Search EditText in current project scope."}
{"logLevel":"debug","message":"Comparing 'org.example.StepImplementation.clickElement5' and 'org.example.StepImplementation.clickElement5'"}
{"logLevel":"debug","message":"Found Click on Element 5 in current project scope."}
{"logLevel":"debug","message":"Comparing 'org.example.StepImplementation.clickNewGetirIcon' and 'org.example.StepImplementation.clickNewGetirIcon'"}
{"logLevel":"debug","message":"Found Click on the New Getir Icon in current project scope."}
{"logLevel":"debug","message":"Comparing 'org.example.StepImplementation.clickTurkishButton' and 'org.example.StepImplementation.clickTurkishButton'"}
{"logLevel":"debug","message":"Found Click on the Turkish button in current project scope."}
{"logLevel":"debug","message":"Comparing 'org.example.StepImplementation.waitForSeconds' and 'org.example.StepImplementation.waitForSeconds'"}
{"logLevel":"debug","message":"Found Wait for {} seconds in current project scope."}
{"logLevel":"debug","message":"Comparing 'org.example.StepImplementation.clickElement2AndType4' and 'org.example.StepImplementation.clickElement2AndType4'"}
{"logLevel":"debug","message":"Found Click on Element 2 and type '4' in current project scope."}
{"logLevel":"debug","message":"Comparing 'org.example.StepImplementation.clickContinueAsGuestButton' and 'org.example.StepImplementation.clickContinueAsGuestButton'"}
{"logLevel":"debug","message":"Found Click on the Continue as Guest button in current project scope."}
{"logLevel":"debug","message":"Comparing 'org.example.StepImplementation.clickTurkishProfileButton' and 'org.example.StepImplementation.clickTurkishProfileButton'"}
{"logLevel":"debug","message":"Found Click on the Türkçe Profil in current project scope."}
{"logLevel":"debug","message":"Comparing 'org.example.StepImplementation.isLiveSupportTextVisible' and 'org.example.StepImplementation.isLiveSupportTextVisible'"}
{"logLevel":"debug","message":"Found Is the Canli Destek text visible? in current project scope."}
{"logLevel":"debug","message":"Comparing 'org.example.StepImplementation.clickElement3AndTypeE12' and 'org.example.StepImplementation.clickElement3AndTypeE12'"}
{"logLevel":"debug","message":"Found Click on Element 3 and type 'E:12' in current project scope."}
{"logLevel":"debug","message":"Comparing 'org.example.StepImplementation.clickLanguageButton' and 'org.example.StepImplementation.clickLanguageButton'"}
{"logLevel":"debug","message":"Found Click on the language button in current project scope."}
{"logLevel":"debug","message":"Comparing 'org.example.StepImplementation.clickElement1AndTypeE12' and 'org.example.StepImplementation.clickElement1AndTypeE12'"}
{"logLevel":"debug","message":"Found Click on Element 1 and type {} in current project scope."}
{"logLevel":"debug","message":"Comparing 'org.example.StepImplementation.clickProfileIcon' and 'org.example.StepImplementation.clickProfileIcon'"}
{"logLevel":"debug","message":"Found Click on profile icon in current project scope."}
{"logLevel":"debug","message":"Comparing 'org.example.StepImplementation.clickByCoordinates' and 'org.example.StepImplementation.clickByCoordinates'"}
{"logLevel":"debug","message":"Found Click on coordinates X: {}, Y: {} in current project scope."}
{"logLevel":"debug","message":"Scanning packages for hooks"}
{"logLevel":"debug","message":"Scanned steps (using static parsing + reflections): "}
{"logLevel":"debug","message":"\tClick on the Get Started button : public void clickGetStartedButton()"}
{"logLevel":"debug","message":"\tClick on Element 1 and type {} : public void clickElement1AndTypeE12(String text)"}
{"logLevel":"debug","message":"\tType {} in the Address Search EditText : public void typeTextInAddressSearchEditText(String text)"}
{"logLevel":"debug","message":"\tClick on profile icon : public void clickProfileIcon()"}
{"logLevel":"debug","message":"\tWait for {} seconds : public void waitForSeconds(ýnt duration)"}
{"logLevel":"debug","message":"\tClick on Element 4 and type 'Yurdun sokaðýndan ilerde saðdaki bina' : public void clickElement4AndTypeAddress()"}
{"logLevel":"debug","message":"\tClick on the New Getir Icon : public void clickNewGetirIcon()"}
{"logLevel":"debug","message":"\tClick on the Add Address Button : public void clickAddAddressButton()"}
{"logLevel":"debug","message":"\tIs the Canli Destek text visible? : public void isLiveSupportTextVisible()"}
{"logLevel":"debug","message":"\tOpen the Getir application : public void loginPermission()"}
{"logLevel":"debug","message":"\tClick on the Continue as Guest button : public void clickContinueAsGuestButton()"}
{"logLevel":"debug","message":"\tClick on Element 5 : public void clickElement5()"}
{"logLevel":"debug","message":"\tClick on Element 6 and type 'Bina' : public void clickElement6AndTypeBina()"}
{"logLevel":"debug","message":"\tClick on the Türkçe Profil : public void clickTurkishProfileButton()"}
{"logLevel":"debug","message":"\tClick on a Random Element in the Address Search Results : public void clickRandomElementInAddressSearchResults()"}
{"logLevel":"debug","message":"\tClick on Element 2 and type '4' : public void clickElement2AndType4()"}
{"logLevel":"debug","message":"\tClick on coordinates X: {}, Y: {} : public void clickByCoordinates(ýnt x, ýnt y)"}
{"logLevel":"debug","message":"\tClick on the Adreslerim Button : public void clickAdreslerimButton()"}
{"logLevel":"debug","message":"\tClick on the Address Search EditText : public void clickAddressSearchEditText()"}
{"logLevel":"debug","message":"\tClick on the Sample Button : public void clickSampleButton()"}
{"logLevel":"debug","message":"\tClick on the Turkish button : public void clickTurkishButton()"}
{"logLevel":"debug","message":"\tClick on the language button : public void clickLanguageButton()"}
{"logLevel":"debug","message":"\tClick on Element 3 and type 'E:12' : public void clickElement3AndTypeE12()"}
{"logLevel":"debug","message":"Killing Java runner..."}
{"logLevel":"debug","message":"Stopping execution pool..."}
{"logLevel":"debug","message":"Shutting down grpc server..."}
{"logLevel":"debug","message":"Runner killed gracefully."}
